QCloudCosXml/cosext/build/outputs/logs/manifest-merger-normal-release-report.txt
-- Merging decision tree log ---
manifest
ADDED from src/main/AndroidManifest.xml:23:1-24:37
INJECTED from src/main/AndroidManifest.xml:23:1-24:37
INJECTED from src/main/AndroidManifest.xml:23:1-24:37
INJECTED from src/main/AndroidManifest.xml:23:1-24:37
INJECTED from src/main/AndroidManifest.xml:23:1-24:37
INJECTED from src/main/AndroidManifest.xml:23:1-24:37
INJECTED from src/main/AndroidManifest.xml:23:1-24:37
	package
		ADDED from src/main/AndroidManifest.xml:24:5-34
		INJECTED from src/main/AndroidManifest.xml
		INJECTED from src/main/AndroidManifest.xml
	android:versionName
		INJECTED from src/main/AndroidManifest.xml
		ADDED from src/main/AndroidManifest.xml:23:1-24:37
		INJECTED from src/main/AndroidManifest.xml
	android:versionCode
		INJECTED from src/main/AndroidManifest.xml
		ADDED from src/main/AndroidManifest.xml:23:1-24:37
		INJECTED from src/main/AndroidManifest.xml
	xmlns:android
		ADDED from src/main/AndroidManifest.xml:23:11-69
uses-sdk
INJECTED from src/main/AndroidManifest.xml reason: use-sdk injection requested
INJECTED from src/main/AndroidManifest.xml
INJECTED from src/main/AndroidManifest.xml
INJECTED from src/main/AndroidManifest.xml
INJECTED from src/main/AndroidManifest.xml
	android:targetSdkVersion
		INJECTED from src/main/AndroidManifest.xml
		ADDED from src/main/AndroidManifest.xml
		INJECTED from src/main/AndroidManifest.xml
	android:minSdkVersion
		INJECTED from src/main/AndroidManifest.xml
		ADDED from src/main/AndroidManifest.xml
		INJECTED from src/main/AndroidManifest.xml